  Box.cpp
  Game.cpp
  Map.cpp
D:\Projects\Saper\Saper\Map.cpp(22,21): warning C4018: "<": niezgodność typu ze znakiem/bez znaku
D:\Projects\Saper\Saper\Map.cpp(24,22): warning C4018: "<": niezgodność typu ze znakiem/bez znaku
D:\Projects\Saper\Saper\Map.cpp(31,13): warning C4244: "inicjowanie": konwersja z "const T" do "int", możliwa utrata danych
          with
          [
              T=float
          ]
D:\Projects\Saper\Saper\Map.cpp(32,13): warning C4244: "inicjowanie": konwersja z "const T" do "int", możliwa utrata danych
          with
          [
              T=float
          ]
D:\Projects\Saper\Saper\Map.cpp(45,38): warning C4244: "=": konwersja z "unsigned int" do "T", możliwa utrata danych
          with
          [
              T=float
          ]
D:\Projects\Saper\Saper\Map.cpp(527,20): warning C4018: "<": niezgodność typu ze znakiem/bez znaku
D:\Projects\Saper\Saper\Map.cpp(529,21): warning C4018: "<": niezgodność typu ze znakiem/bez znaku
D:\Projects\Saper\Saper\Map.cpp(541,36): warning C4018: "<": niezgodność typu ze znakiem/bez znaku
D:\Projects\Saper\Saper\Map.cpp(543,37): warning C4018: "<": niezgodność typu ze znakiem/bez znaku
D:\Projects\Saper\Saper\Map.cpp(560,108): warning C4244: "=": konwersja z "T" do "__int64", możliwa utrata danych
          with
          [
              T=float
          ]
D:\Projects\Saper\Saper\Map.cpp(561,108): warning C4244: "=": konwersja z "T" do "__int64", możliwa utrata danych
          with
          [
              T=float
          ]
D:\Projects\Saper\Saper\Map.cpp(567,26): warning C4244: "argument": konwersja z "__int64" do "const unsigned int", możliwa utrata danych
D:\Projects\Saper\Saper\Map.cpp(567,16): warning C4244: "argument": konwersja z "__int64" do "const unsigned int", możliwa utrata danych
D:\Projects\Saper\Saper\Map.cpp(578,29): warning C4244: "argument": konwersja z "__int64" do "const unsigned int", możliwa utrata danych
D:\Projects\Saper\Saper\Map.cpp(578,19): warning C4244: "argument": konwersja z "__int64" do "const unsigned int", możliwa utrata danych
D:\Projects\Saper\Saper\Map.cpp(588,27): warning C4244: "argument": konwersja z "__int64" do "const unsigned int", możliwa utrata danych
D:\Projects\Saper\Saper\Map.cpp(588,17): warning C4244: "argument": konwersja z "__int64" do "const unsigned int", możliwa utrata danych
D:\Projects\Saper\Saper\Map.cpp(595,20): warning C4018: "<": niezgodność typu ze znakiem/bez znaku
D:\Projects\Saper\Saper\Map.cpp(597,21): warning C4018: "<": niezgodność typu ze znakiem/bez znaku
  Saper.cpp
  Generowanie kodu...
  Saper.vcxproj -> D:\Projects\Saper\Debug\Saper.exe
